[ 2019-06-24T17:27:56+08:00 ] ::1 ::1 GET /
[ log ] localhost/ [运行时间：0.031979s][吞吐率：31.27req/s] [内存消耗：1,331.55kb] [文件加载：34]
[ info ] [ LANG ] D:\laragon\www\sticky\thinkphp\lang\zh-cn.php
[ info ] [ ROUTE ] array (
  'type' => 'module',
  'module' => 
  array (
    0 => '',
    1 => NULL,
    2 => NULL,
  ),
)
[ info ] [ HEADER ] array (
  'host' => 'localhost',
  'connection' => 'keep-alive',
  'upgrade-insecure-requests' => '1',
  'user-agent' => 'Mozilla/5.0 (Windows NT 10.0; WOW64) AppleWebKit/537.36 (KHTML, like Gecko) Chrome/74.0.3729.131 Safari/537.36',
  'accept' => 'text/html,application/xhtml+xml,application/xml;q=0.9,image/webp,image/apng,*/*;q=0.8,application/signed-exchange;v=b3',
  'accept-encoding' => 'gzip, deflate, br',
  'accept-language' => 'zh-CN,zh;q=0.9',
  'cookie' => 'pgv_pvi=6027399168; Hm_lvt_080836300300be57b7f34f4b3e97d911=1560241731,1560388474; UM_distinctid=16b73afeb3e88d-0a279580568449-3b654406-1fa400-16b73afeb3f8c2; sensorsdata2015jssdkcross=%7B%22distinct_id%22%3A%225780a21060db2a4dd7c403240ab3f67f-0d1ea4d411214533aff6a621462d4da4%22%2C%22%24device_id%22%3A%2216b73d12e301b6-0d01843deed5ad-3b654406-2073600-16b73d12e31764%22%2C%22props%22%3A%7B%7D%7D; footerBannerConfirmed=true; CNZZDATA1267378074=344099748-1561014038-%7C1561360540; XSRF-TOKEN=eyJpdiI6InYraFVEMnBiYXlwSjRacSt6cCtFREE9PSIsInZhbHVlIjoid2lRXC9EUElyd2lQc1lsMlJhaFNRVWpuRFwvWGxvWGVUdDZ4WEFcL0dIUWlHOEdueGNpUnFlK1ZPUStqODZqaEVcL0hWb2FheE5CZ3JZUUFhYkt6d2YwcnN3PT0iLCJtYWMiOiI5YTA1NDhjOGQ3YzBjMGQ0NzU0YjIzOTYzZjc0ZmVkMWFkYTYwYzc1YzVjMTI4Yzk3Yzg1YzYxYzUzNTBmMWE4In0%3D; btcotc_session=eyJpdiI6IkhsNlNxQlwvWjdvT3FFaTIzdmRPSTF3PT0iLCJ2YWx1ZSI6Imh1M0hjaUpcL3JTS3c5bit1MktJclVYWFNMa21UazhRMW1JXC83aks1K0x4c1NhK0M1VG95SE1rTDJDSXRBdFhueFRZdkpTTU9nZlR3eHNQRVBLdHVieGc9PSIsIm1hYyI6IjVkY2Q4ZTZiNzQxOTgwMDM4YjFmZGJkN2RhYzQ2YjcwMjZmMmQ0OWRjNzNjMDQyNzU4OWEwODlkYTk5MDU0NmQifQ%3D%3D',
)
[ info ] [ PARAM ] array (
)
[ info ] [ RUN ] app\index\controller\Index->index[ D:\laragon\www\sticky\application\index\controller\Index.php ]
[ info ] [ VIEW ] D:\laragon\www\sticky\public/../application/index\view\index\index.html [ array (
) ]
[ info ] [ LOG ] INIT File

---------------------------------------------------------------
[ 2019-06-24T17:28:12+08:00 ] ::1 ::1 GET /admin/index/test
[ log ] localhost/admin/index/test [运行时间：0.043788s][吞吐率：22.84req/s] [内存消耗：1,226.80kb] [文件加载：39]
[ info ] [ LANG ] D:\laragon\www\sticky\thinkphp\lang\zh-cn.php
[ info ] [ ROUTE ] array (
  'type' => 'module',
  'module' => 
  array (
    0 => 'admin',
    1 => 'index',
    2 => 'test',
  ),
)
[ info ] [ HEADER ] array (
  'host' => 'localhost',
  'connection' => 'keep-alive',
  'upgrade-insecure-requests' => '1',
  'user-agent' => 'Mozilla/5.0 (Windows NT 10.0; WOW64) AppleWebKit/537.36 (KHTML, like Gecko) Chrome/74.0.3729.131 Safari/537.36',
  'accept' => 'text/html,application/xhtml+xml,application/xml;q=0.9,image/webp,image/apng,*/*;q=0.8,application/signed-exchange;v=b3',
  'accept-encoding' => 'gzip, deflate, br',
  'accept-language' => 'zh-CN,zh;q=0.9',
  'cookie' => 'pgv_pvi=6027399168; Hm_lvt_080836300300be57b7f34f4b3e97d911=1560241731,1560388474; UM_distinctid=16b73afeb3e88d-0a279580568449-3b654406-1fa400-16b73afeb3f8c2; sensorsdata2015jssdkcross=%7B%22distinct_id%22%3A%225780a21060db2a4dd7c403240ab3f67f-0d1ea4d411214533aff6a621462d4da4%22%2C%22%24device_id%22%3A%2216b73d12e301b6-0d01843deed5ad-3b654406-2073600-16b73d12e31764%22%2C%22props%22%3A%7B%7D%7D; footerBannerConfirmed=true; CNZZDATA1267378074=344099748-1561014038-%7C1561360540; XSRF-TOKEN=eyJpdiI6InYraFVEMnBiYXlwSjRacSt6cCtFREE9PSIsInZhbHVlIjoid2lRXC9EUElyd2lQc1lsMlJhaFNRVWpuRFwvWGxvWGVUdDZ4WEFcL0dIUWlHOEdueGNpUnFlK1ZPUStqODZqaEVcL0hWb2FheE5CZ3JZUUFhYkt6d2YwcnN3PT0iLCJtYWMiOiI5YTA1NDhjOGQ3YzBjMGQ0NzU0YjIzOTYzZjc0ZmVkMWFkYTYwYzc1YzVjMTI4Yzk3Yzg1YzYxYzUzNTBmMWE4In0%3D; btcotc_session=eyJpdiI6IkhsNlNxQlwvWjdvT3FFaTIzdmRPSTF3PT0iLCJ2YWx1ZSI6Imh1M0hjaUpcL3JTS3c5bit1MktJclVYWFNMa21UazhRMW1JXC83aks1K0x4c1NhK0M1VG95SE1rTDJDSXRBdFhueFRZdkpTTU9nZlR3eHNQRVBLdHVieGc9PSIsIm1hYyI6IjVkY2Q4ZTZiNzQxOTgwMDM4YjFmZGJkN2RhYzQ2YjcwMjZmMmQ0OWRjNzNjMDQyNzU4OWEwODlkYTk5MDU0NmQifQ%3D%3D',
)
[ info ] [ PARAM ] array (
)
[ info ] [ RUN ] app\admin\controller\Index->test[ D:\laragon\www\sticky\application\admin\controller\Index.php ]
[ info ] [ LOG ] INIT File
[ error ] [0]类型错误: Too few arguments to function doCurl(), 1 passed in D:\laragon\www\sticky\extend\Map.php on line 28 and at least 2 expected[D:\laragon\www\sticky\application\common.php:31]

---------------------------------------------------------------
[ 2019-06-24T17:28:55+08:00 ] ::1 ::1 GET /admin/index/test
[ log ] localhost/admin/index/test [运行时间：0.255531s][吞吐率：3.91req/s] [内存消耗：1,134.47kb] [文件加载：34]
[ info ] [ LANG ] D:\laragon\www\sticky\thinkphp\lang\zh-cn.php
[ info ] [ ROUTE ] array (
  'type' => 'module',
  'module' => 
  array (
    0 => 'admin',
    1 => 'index',
    2 => 'test',
  ),
)
[ info ] [ HEADER ] array (
  'host' => 'localhost',
  'connection' => 'keep-alive',
  'cache-control' => 'max-age=0',
  'upgrade-insecure-requests' => '1',
  'user-agent' => 'Mozilla/5.0 (Windows NT 10.0; WOW64) AppleWebKit/537.36 (KHTML, like Gecko) Chrome/74.0.3729.131 Safari/537.36',
  'accept' => 'text/html,application/xhtml+xml,application/xml;q=0.9,image/webp,image/apng,*/*;q=0.8,application/signed-exchange;v=b3',
  'accept-encoding' => 'gzip, deflate, br',
  'accept-language' => 'zh-CN,zh;q=0.9',
  'cookie' => 'pgv_pvi=6027399168; Hm_lvt_080836300300be57b7f34f4b3e97d911=1560241731,1560388474; UM_distinctid=16b73afeb3e88d-0a279580568449-3b654406-1fa400-16b73afeb3f8c2; sensorsdata2015jssdkcross=%7B%22distinct_id%22%3A%225780a21060db2a4dd7c403240ab3f67f-0d1ea4d411214533aff6a621462d4da4%22%2C%22%24device_id%22%3A%2216b73d12e301b6-0d01843deed5ad-3b654406-2073600-16b73d12e31764%22%2C%22props%22%3A%7B%7D%7D; footerBannerConfirmed=true; CNZZDATA1267378074=344099748-1561014038-%7C1561360540; XSRF-TOKEN=eyJpdiI6InYraFVEMnBiYXlwSjRacSt6cCtFREE9PSIsInZhbHVlIjoid2lRXC9EUElyd2lQc1lsMlJhaFNRVWpuRFwvWGxvWGVUdDZ4WEFcL0dIUWlHOEdueGNpUnFlK1ZPUStqODZqaEVcL0hWb2FheE5CZ3JZUUFhYkt6d2YwcnN3PT0iLCJtYWMiOiI5YTA1NDhjOGQ3YzBjMGQ0NzU0YjIzOTYzZjc0ZmVkMWFkYTYwYzc1YzVjMTI4Yzk3Yzg1YzYxYzUzNTBmMWE4In0%3D; btcotc_session=eyJpdiI6IkhsNlNxQlwvWjdvT3FFaTIzdmRPSTF3PT0iLCJ2YWx1ZSI6Imh1M0hjaUpcL3JTS3c5bit1MktJclVYWFNMa21UazhRMW1JXC83aks1K0x4c1NhK0M1VG95SE1rTDJDSXRBdFhueFRZdkpTTU9nZlR3eHNQRVBLdHVieGc9PSIsIm1hYyI6IjVkY2Q4ZTZiNzQxOTgwMDM4YjFmZGJkN2RhYzQ2YjcwMjZmMmQ0OWRjNzNjMDQyNzU4OWEwODlkYTk5MDU0NmQifQ%3D%3D',
)
[ info ] [ PARAM ] array (
)
[ info ] [ RUN ] app\admin\controller\Index->test[ D:\laragon\www\sticky\application\admin\controller\Index.php ]
[ info ] [ LOG ] INIT File

---------------------------------------------------------------
[ 2019-06-24T17:28:56+08:00 ] ::1 ::1 GET /admin/index/test
[ log ] localhost/admin/index/test [运行时间：0.014159s][吞吐率：70.63req/s] [内存消耗：1,134.47kb] [文件加载：34]
[ info ] [ LANG ] D:\laragon\www\sticky\thinkphp\lang\zh-cn.php
[ info ] [ ROUTE ] array (
  'type' => 'module',
  'module' => 
  array (
    0 => 'admin',
    1 => 'index',
    2 => 'test',
  ),
)
[ info ] [ HEADER ] array (
  'host' => 'localhost',
  'connection' => 'keep-alive',
  'cache-control' => 'max-age=0',
  'upgrade-insecure-requests' => '1',
  'user-agent' => 'Mozilla/5.0 (Windows NT 10.0; WOW64) AppleWebKit/537.36 (KHTML, like Gecko) Chrome/74.0.3729.131 Safari/537.36',
  'accept' => 'text/html,application/xhtml+xml,application/xml;q=0.9,image/webp,image/apng,*/*;q=0.8,application/signed-exchange;v=b3',
  'accept-encoding' => 'gzip, deflate, br',
  'accept-language' => 'zh-CN,zh;q=0.9',
  'cookie' => 'pgv_pvi=6027399168; Hm_lvt_080836300300be57b7f34f4b3e97d911=1560241731,1560388474; UM_distinctid=16b73afeb3e88d-0a279580568449-3b654406-1fa400-16b73afeb3f8c2; sensorsdata2015jssdkcross=%7B%22distinct_id%22%3A%225780a21060db2a4dd7c403240ab3f67f-0d1ea4d411214533aff6a621462d4da4%22%2C%22%24device_id%22%3A%2216b73d12e301b6-0d01843deed5ad-3b654406-2073600-16b73d12e31764%22%2C%22props%22%3A%7B%7D%7D; footerBannerConfirmed=true; CNZZDATA1267378074=344099748-1561014038-%7C1561360540; XSRF-TOKEN=eyJpdiI6InYraFVEMnBiYXlwSjRacSt6cCtFREE9PSIsInZhbHVlIjoid2lRXC9EUElyd2lQc1lsMlJhaFNRVWpuRFwvWGxvWGVUdDZ4WEFcL0dIUWlHOEdueGNpUnFlK1ZPUStqODZqaEVcL0hWb2FheE5CZ3JZUUFhYkt6d2YwcnN3PT0iLCJtYWMiOiI5YTA1NDhjOGQ3YzBjMGQ0NzU0YjIzOTYzZjc0ZmVkMWFkYTYwYzc1YzVjMTI4Yzk3Yzg1YzYxYzUzNTBmMWE4In0%3D; btcotc_session=eyJpdiI6IkhsNlNxQlwvWjdvT3FFaTIzdmRPSTF3PT0iLCJ2YWx1ZSI6Imh1M0hjaUpcL3JTS3c5bit1MktJclVYWFNMa21UazhRMW1JXC83aks1K0x4c1NhK0M1VG95SE1rTDJDSXRBdFhueFRZdkpTTU9nZlR3eHNQRVBLdHVieGc9PSIsIm1hYyI6IjVkY2Q4ZTZiNzQxOTgwMDM4YjFmZGJkN2RhYzQ2YjcwMjZmMmQ0OWRjNzNjMDQyNzU4OWEwODlkYTk5MDU0NmQifQ%3D%3D',
)
[ info ] [ PARAM ] array (
)
[ info ] [ RUN ] app\admin\controller\Index->test[ D:\laragon\www\sticky\application\admin\controller\Index.php ]
[ info ] [ LOG ] INIT File

---------------------------------------------------------------
[ 2019-06-24T17:31:32+08:00 ] ::1 ::1 GET /admin/index/test
[ log ] localhost/admin/index/test [运行时间：1.134791s][吞吐率：0.88req/s] [内存消耗：1,134.47kb] [文件加载：34]
[ info ] [ LANG ] D:\laragon\www\sticky\thinkphp\lang\zh-cn.php
[ info ] [ ROUTE ] array (
  'type' => 'module',
  'module' => 
  array (
    0 => 'admin',
    1 => 'index',
    2 => 'test',
  ),
)
[ info ] [ HEADER ] array (
  'host' => 'localhost',
  'connection' => 'keep-alive',
  'cache-control' => 'max-age=0',
  'upgrade-insecure-requests' => '1',
  'user-agent' => 'Mozilla/5.0 (Windows NT 10.0; WOW64) AppleWebKit/537.36 (KHTML, like Gecko) Chrome/74.0.3729.131 Safari/537.36',
  'accept' => 'text/html,application/xhtml+xml,application/xml;q=0.9,image/webp,image/apng,*/*;q=0.8,application/signed-exchange;v=b3',
  'accept-encoding' => 'gzip, deflate, br',
  'accept-language' => 'zh-CN,zh;q=0.9',
  'cookie' => 'pgv_pvi=6027399168; Hm_lvt_080836300300be57b7f34f4b3e97d911=1560241731,1560388474; UM_distinctid=16b73afeb3e88d-0a279580568449-3b654406-1fa400-16b73afeb3f8c2; sensorsdata2015jssdkcross=%7B%22distinct_id%22%3A%225780a21060db2a4dd7c403240ab3f67f-0d1ea4d411214533aff6a621462d4da4%22%2C%22%24device_id%22%3A%2216b73d12e301b6-0d01843deed5ad-3b654406-2073600-16b73d12e31764%22%2C%22props%22%3A%7B%7D%7D; footerBannerConfirmed=true; CNZZDATA1267378074=344099748-1561014038-%7C1561360540; XSRF-TOKEN=eyJpdiI6InYraFVEMnBiYXlwSjRacSt6cCtFREE9PSIsInZhbHVlIjoid2lRXC9EUElyd2lQc1lsMlJhaFNRVWpuRFwvWGxvWGVUdDZ4WEFcL0dIUWlHOEdueGNpUnFlK1ZPUStqODZqaEVcL0hWb2FheE5CZ3JZUUFhYkt6d2YwcnN3PT0iLCJtYWMiOiI5YTA1NDhjOGQ3YzBjMGQ0NzU0YjIzOTYzZjc0ZmVkMWFkYTYwYzc1YzVjMTI4Yzk3Yzg1YzYxYzUzNTBmMWE4In0%3D; btcotc_session=eyJpdiI6IkhsNlNxQlwvWjdvT3FFaTIzdmRPSTF3PT0iLCJ2YWx1ZSI6Imh1M0hjaUpcL3JTS3c5bit1MktJclVYWFNMa21UazhRMW1JXC83aks1K0x4c1NhK0M1VG95SE1rTDJDSXRBdFhueFRZdkpTTU9nZlR3eHNQRVBLdHVieGc9PSIsIm1hYyI6IjVkY2Q4ZTZiNzQxOTgwMDM4YjFmZGJkN2RhYzQ2YjcwMjZmMmQ0OWRjNzNjMDQyNzU4OWEwODlkYTk5MDU0NmQifQ%3D%3D',
)
[ info ] [ PARAM ] array (
)
[ info ] [ RUN ] app\admin\controller\Index->test[ D:\laragon\www\sticky\application\admin\controller\Index.php ]
[ info ] [ LOG ] INIT File

---------------------------------------------------------------
[ 2019-06-24T17:32:07+08:00 ] ::1 ::1 GET /admin/index/test
[ log ] localhost/admin/index/test [运行时间：2.158878s][吞吐率：0.46req/s] [内存消耗：1,127.95kb] [文件加载：34]
[ info ] [ LANG ] D:\laragon\www\sticky\thinkphp\lang\zh-cn.php
[ info ] [ ROUTE ] array (
  'type' => 'module',
  'module' => 
  array (
    0 => 'admin',
    1 => 'index',
    2 => 'test',
  ),
)
[ info ] [ HEADER ] array (
  'user-agent' => 'PostmanRuntime/7.15.0',
  'accept' => '*/*',
  'cache-control' => 'no-cache',
  'postman-token' => '6011f4e3-975d-4a0f-8a48-604c2b04e498',
  'host' => 'localhost',
  'accept-encoding' => 'gzip, deflate',
  'connection' => 'keep-alive',
)
[ info ] [ PARAM ] array (
)
[ info ] [ RUN ] app\admin\controller\Index->test[ D:\laragon\www\sticky\application\admin\controller\Index.php ]
[ info ] [ LOG ] INIT File

---------------------------------------------------------------
[ 2019-06-24T17:32:19+08:00 ] ::1 ::1 GET /admin/index/test
[ log ] localhost/admin/index/test [运行时间：1.142393s][吞吐率：0.88req/s] [内存消耗：1,134.35kb] [文件加载：34]
[ info ] [ LANG ] D:\laragon\www\sticky\thinkphp\lang\zh-cn.php
[ info ] [ ROUTE ] array (
  'type' => 'module',
  'module' => 
  array (
    0 => 'admin',
    1 => 'index',
    2 => 'test',
  ),
)
[ info ] [ HEADER ] array (
  'host' => 'localhost',
  'connection' => 'keep-alive',
  'cache-control' => 'max-age=0',
  'upgrade-insecure-requests' => '1',
  'user-agent' => 'Mozilla/5.0 (Windows NT 10.0; WOW64) AppleWebKit/537.36 (KHTML, like Gecko) Chrome/74.0.3729.131 Safari/537.36',
  'accept' => 'text/html,application/xhtml+xml,application/xml;q=0.9,image/webp,image/apng,*/*;q=0.8,application/signed-exchange;v=b3',
  'accept-encoding' => 'gzip, deflate, br',
  'accept-language' => 'zh-CN,zh;q=0.9',
  'cookie' => 'pgv_pvi=6027399168; Hm_lvt_080836300300be57b7f34f4b3e97d911=1560241731,1560388474; UM_distinctid=16b73afeb3e88d-0a279580568449-3b654406-1fa400-16b73afeb3f8c2; sensorsdata2015jssdkcross=%7B%22distinct_id%22%3A%225780a21060db2a4dd7c403240ab3f67f-0d1ea4d411214533aff6a621462d4da4%22%2C%22%24device_id%22%3A%2216b73d12e301b6-0d01843deed5ad-3b654406-2073600-16b73d12e31764%22%2C%22props%22%3A%7B%7D%7D; footerBannerConfirmed=true; CNZZDATA1267378074=344099748-1561014038-%7C1561360540; XSRF-TOKEN=eyJpdiI6InYraFVEMnBiYXlwSjRacSt6cCtFREE9PSIsInZhbHVlIjoid2lRXC9EUElyd2lQc1lsMlJhaFNRVWpuRFwvWGxvWGVUdDZ4WEFcL0dIUWlHOEdueGNpUnFlK1ZPUStqODZqaEVcL0hWb2FheE5CZ3JZUUFhYkt6d2YwcnN3PT0iLCJtYWMiOiI5YTA1NDhjOGQ3YzBjMGQ0NzU0YjIzOTYzZjc0ZmVkMWFkYTYwYzc1YzVjMTI4Yzk3Yzg1YzYxYzUzNTBmMWE4In0%3D; btcotc_session=eyJpdiI6IkhsNlNxQlwvWjdvT3FFaTIzdmRPSTF3PT0iLCJ2YWx1ZSI6Imh1M0hjaUpcL3JTS3c5bit1MktJclVYWFNMa21UazhRMW1JXC83aks1K0x4c1NhK0M1VG95SE1rTDJDSXRBdFhueFRZdkpTTU9nZlR3eHNQRVBLdHVieGc9PSIsIm1hYyI6IjVkY2Q4ZTZiNzQxOTgwMDM4YjFmZGJkN2RhYzQ2YjcwMjZmMmQ0OWRjNzNjMDQyNzU4OWEwODlkYTk5MDU0NmQifQ%3D%3D',
)
[ info ] [ PARAM ] array (
)
[ info ] [ RUN ] app\admin\controller\Index->test[ D:\laragon\www\sticky\application\admin\controller\Index.php ]
[ info ] [ LOG ] INIT File

---------------------------------------------------------------
[ 2019-06-24T17:32:20+08:00 ] ::1 ::1 GET /admin/index/test
[ log ] localhost/admin/index/test [运行时间：0.015245s][吞吐率：65.60req/s] [内存消耗：1,134.35kb] [文件加载：34]
[ info ] [ LANG ] D:\laragon\www\sticky\thinkphp\lang\zh-cn.php
[ info ] [ ROUTE ] array (
  'type' => 'module',
  'module' => 
  array (
    0 => 'admin',
    1 => 'index',
    2 => 'test',
  ),
)
[ info ] [ HEADER ] array (
  'host' => 'localhost',
  'connection' => 'keep-alive',
  'cache-control' => 'max-age=0',
  'upgrade-insecure-requests' => '1',
  'user-agent' => 'Mozilla/5.0 (Windows NT 10.0; WOW64) AppleWebKit/537.36 (KHTML, like Gecko) Chrome/74.0.3729.131 Safari/537.36',
  'accept' => 'text/html,application/xhtml+xml,application/xml;q=0.9,image/webp,image/apng,*/*;q=0.8,application/signed-exchange;v=b3',
  'accept-encoding' => 'gzip, deflate, br',
  'accept-language' => 'zh-CN,zh;q=0.9',
  'cookie' => 'pgv_pvi=6027399168; Hm_lvt_080836300300be57b7f34f4b3e97d911=1560241731,1560388474; UM_distinctid=16b73afeb3e88d-0a279580568449-3b654406-1fa400-16b73afeb3f8c2; sensorsdata2015jssdkcross=%7B%22distinct_id%22%3A%225780a21060db2a4dd7c403240ab3f67f-0d1ea4d411214533aff6a621462d4da4%22%2C%22%24device_id%22%3A%2216b73d12e301b6-0d01843deed5ad-3b654406-2073600-16b73d12e31764%22%2C%22props%22%3A%7B%7D%7D; footerBannerConfirmed=true; CNZZDATA1267378074=344099748-1561014038-%7C1561360540; XSRF-TOKEN=eyJpdiI6InYraFVEMnBiYXlwSjRacSt6cCtFREE9PSIsInZhbHVlIjoid2lRXC9EUElyd2lQc1lsMlJhaFNRVWpuRFwvWGxvWGVUdDZ4WEFcL0dIUWlHOEdueGNpUnFlK1ZPUStqODZqaEVcL0hWb2FheE5CZ3JZUUFhYkt6d2YwcnN3PT0iLCJtYWMiOiI5YTA1NDhjOGQ3YzBjMGQ0NzU0YjIzOTYzZjc0ZmVkMWFkYTYwYzc1YzVjMTI4Yzk3Yzg1YzYxYzUzNTBmMWE4In0%3D; btcotc_session=eyJpdiI6IkhsNlNxQlwvWjdvT3FFaTIzdmRPSTF3PT0iLCJ2YWx1ZSI6Imh1M0hjaUpcL3JTS3c5bit1MktJclVYWFNMa21UazhRMW1JXC83aks1K0x4c1NhK0M1VG95SE1rTDJDSXRBdFhueFRZdkpTTU9nZlR3eHNQRVBLdHVieGc9PSIsIm1hYyI6IjVkY2Q4ZTZiNzQxOTgwMDM4YjFmZGJkN2RhYzQ2YjcwMjZmMmQ0OWRjNzNjMDQyNzU4OWEwODlkYTk5MDU0NmQifQ%3D%3D',
)
[ info ] [ PARAM ] array (
)
[ info ] [ RUN ] app\admin\controller\Index->test[ D:\laragon\www\sticky\application\admin\controller\Index.php ]
[ info ] [ LOG ] INIT File

---------------------------------------------------------------
[ 2019-06-24T17:32:20+08:00 ] ::1 ::1 GET /admin/index/test
[ log ] localhost/admin/index/test [运行时间：0.013128s][吞吐率：76.17req/s] [内存消耗：1,134.35kb] [文件加载：34]
[ info ] [ LANG ] D:\laragon\www\sticky\thinkphp\lang\zh-cn.php
[ info ] [ ROUTE ] array (
  'type' => 'module',
  'module' => 
  array (
    0 => 'admin',
    1 => 'index',
    2 => 'test',
  ),
)
[ info ] [ HEADER ] array (
  'host' => 'localhost',
  'connection' => 'keep-alive',
  'cache-control' => 'max-age=0',
  'upgrade-insecure-requests' => '1',
  'user-agent' => 'Mozilla/5.0 (Windows NT 10.0; WOW64) AppleWebKit/537.36 (KHTML, like Gecko) Chrome/74.0.3729.131 Safari/537.36',
  'accept' => 'text/html,application/xhtml+xml,application/xml;q=0.9,image/webp,image/apng,*/*;q=0.8,application/signed-exchange;v=b3',
  'accept-encoding' => 'gzip, deflate, br',
  'accept-language' => 'zh-CN,zh;q=0.9',
  'cookie' => 'pgv_pvi=6027399168; Hm_lvt_080836300300be57b7f34f4b3e97d911=1560241731,1560388474; UM_distinctid=16b73afeb3e88d-0a279580568449-3b654406-1fa400-16b73afeb3f8c2; sensorsdata2015jssdkcross=%7B%22distinct_id%22%3A%225780a21060db2a4dd7c403240ab3f67f-0d1ea4d411214533aff6a621462d4da4%22%2C%22%24device_id%22%3A%2216b73d12e301b6-0d01843deed5ad-3b654406-2073600-16b73d12e31764%22%2C%22props%22%3A%7B%7D%7D; footerBannerConfirmed=true; CNZZDATA1267378074=344099748-1561014038-%7C1561360540; XSRF-TOKEN=eyJpdiI6InYraFVEMnBiYXlwSjRacSt6cCtFREE9PSIsInZhbHVlIjoid2lRXC9EUElyd2lQc1lsMlJhaFNRVWpuRFwvWGxvWGVUdDZ4WEFcL0dIUWlHOEdueGNpUnFlK1ZPUStqODZqaEVcL0hWb2FheE5CZ3JZUUFhYkt6d2YwcnN3PT0iLCJtYWMiOiI5YTA1NDhjOGQ3YzBjMGQ0NzU0YjIzOTYzZjc0ZmVkMWFkYTYwYzc1YzVjMTI4Yzk3Yzg1YzYxYzUzNTBmMWE4In0%3D; btcotc_session=eyJpdiI6IkhsNlNxQlwvWjdvT3FFaTIzdmRPSTF3PT0iLCJ2YWx1ZSI6Imh1M0hjaUpcL3JTS3c5bit1MktJclVYWFNMa21UazhRMW1JXC83aks1K0x4c1NhK0M1VG95SE1rTDJDSXRBdFhueFRZdkpTTU9nZlR3eHNQRVBLdHVieGc9PSIsIm1hYyI6IjVkY2Q4ZTZiNzQxOTgwMDM4YjFmZGJkN2RhYzQ2YjcwMjZmMmQ0OWRjNzNjMDQyNzU4OWEwODlkYTk5MDU0NmQifQ%3D%3D',
)
[ info ] [ PARAM ] array (
)
[ info ] [ RUN ] app\admin\controller\Index->test[ D:\laragon\www\sticky\application\admin\controller\Index.php ]
[ info ] [ LOG ] INIT File

---------------------------------------------------------------
[ 2019-06-24T17:32:22+08:00 ] ::1 ::1 GET /admin/index/test
[ log ] localhost/admin/index/test [运行时间：0.017197s][吞吐率：58.15req/s] [内存消耗：1,127.83kb] [文件加载：34]
[ info ] [ LANG ] D:\laragon\www\sticky\thinkphp\lang\zh-cn.php
[ info ] [ ROUTE ] array (
  'type' => 'module',
  'module' => 
  array (
    0 => 'admin',
    1 => 'index',
    2 => 'test',
  ),
)
[ info ] [ HEADER ] array (
  'user-agent' => 'PostmanRuntime/7.15.0',
  'accept' => '*/*',
  'cache-control' => 'no-cache',
  'postman-token' => 'f69a2cc8-d742-4749-bad1-a85aa00f8322',
  'host' => 'localhost',
  'accept-encoding' => 'gzip, deflate',
  'connection' => 'keep-alive',
)
[ info ] [ PARAM ] array (
)
[ info ] [ RUN ] app\admin\controller\Index->test[ D:\laragon\www\sticky\application\admin\controller\Index.php ]
[ info ] [ LOG ] INIT File

---------------------------------------------------------------
[ 2019-06-24T17:34:43+08:00 ] ::1 ::1 GET /admin/index/test
[ log ] localhost/admin/index/test [运行时间：1.149631s][吞吐率：0.87req/s] [内存消耗：1,134.35kb] [文件加载：34]
[ info ] [ LANG ] D:\laragon\www\sticky\thinkphp\lang\zh-cn.php
[ info ] [ ROUTE ] array (
  'type' => 'module',
  'module' => 
  array (
    0 => 'admin',
    1 => 'index',
    2 => 'test',
  ),
)
[ info ] [ HEADER ] array (
  'host' => 'localhost',
  'connection' => 'keep-alive',
  'cache-control' => 'max-age=0',
  'upgrade-insecure-requests' => '1',
  'user-agent' => 'Mozilla/5.0 (Windows NT 10.0; WOW64) AppleWebKit/537.36 (KHTML, like Gecko) Chrome/74.0.3729.131 Safari/537.36',
  'accept' => 'text/html,application/xhtml+xml,application/xml;q=0.9,image/webp,image/apng,*/*;q=0.8,application/signed-exchange;v=b3',
  'accept-encoding' => 'gzip, deflate, br',
  'accept-language' => 'zh-CN,zh;q=0.9',
  'cookie' => 'pgv_pvi=6027399168; Hm_lvt_080836300300be57b7f34f4b3e97d911=1560241731,1560388474; UM_distinctid=16b73afeb3e88d-0a279580568449-3b654406-1fa400-16b73afeb3f8c2; sensorsdata2015jssdkcross=%7B%22distinct_id%22%3A%225780a21060db2a4dd7c403240ab3f67f-0d1ea4d411214533aff6a621462d4da4%22%2C%22%24device_id%22%3A%2216b73d12e301b6-0d01843deed5ad-3b654406-2073600-16b73d12e31764%22%2C%22props%22%3A%7B%7D%7D; footerBannerConfirmed=true; CNZZDATA1267378074=344099748-1561014038-%7C1561360540; XSRF-TOKEN=eyJpdiI6InYraFVEMnBiYXlwSjRacSt6cCtFREE9PSIsInZhbHVlIjoid2lRXC9EUElyd2lQc1lsMlJhaFNRVWpuRFwvWGxvWGVUdDZ4WEFcL0dIUWlHOEdueGNpUnFlK1ZPUStqODZqaEVcL0hWb2FheE5CZ3JZUUFhYkt6d2YwcnN3PT0iLCJtYWMiOiI5YTA1NDhjOGQ3YzBjMGQ0NzU0YjIzOTYzZjc0ZmVkMWFkYTYwYzc1YzVjMTI4Yzk3Yzg1YzYxYzUzNTBmMWE4In0%3D; btcotc_session=eyJpdiI6IkhsNlNxQlwvWjdvT3FFaTIzdmRPSTF3PT0iLCJ2YWx1ZSI6Imh1M0hjaUpcL3JTS3c5bit1MktJclVYWFNMa21UazhRMW1JXC83aks1K0x4c1NhK0M1VG95SE1rTDJDSXRBdFhueFRZdkpTTU9nZlR3eHNQRVBLdHVieGc9PSIsIm1hYyI6IjVkY2Q4ZTZiNzQxOTgwMDM4YjFmZGJkN2RhYzQ2YjcwMjZmMmQ0OWRjNzNjMDQyNzU4OWEwODlkYTk5MDU0NmQifQ%3D%3D',
)
[ info ] [ PARAM ] array (
)
[ info ] [ RUN ] app\admin\controller\Index->test[ D:\laragon\www\sticky\application\admin\controller\Index.php ]
[ info ] [ LOG ] INIT File

---------------------------------------------------------------
[ 2019-06-24T17:34:45+08:00 ] ::1 ::1 GET /admin/index/test
[ log ] localhost/admin/index/test [运行时间：0.013233s][吞吐率：75.57req/s] [内存消耗：1,134.35kb] [文件加载：34]
[ info ] [ LANG ] D:\laragon\www\sticky\thinkphp\lang\zh-cn.php
[ info ] [ ROUTE ] array (
  'type' => 'module',
  'module' => 
  array (
    0 => 'admin',
    1 => 'index',
    2 => 'test',
  ),
)
[ info ] [ HEADER ] array (
  'host' => 'localhost',
  'connection' => 'keep-alive',
  'cache-control' => 'max-age=0',
  'upgrade-insecure-requests' => '1',
  'user-agent' => 'Mozilla/5.0 (Windows NT 10.0; WOW64) AppleWebKit/537.36 (KHTML, like Gecko) Chrome/74.0.3729.131 Safari/537.36',
  'accept' => 'text/html,application/xhtml+xml,application/xml;q=0.9,image/webp,image/apng,*/*;q=0.8,application/signed-exchange;v=b3',
  'accept-encoding' => 'gzip, deflate, br',
  'accept-language' => 'zh-CN,zh;q=0.9',
  'cookie' => 'pgv_pvi=6027399168; Hm_lvt_080836300300be57b7f34f4b3e97d911=1560241731,1560388474; UM_distinctid=16b73afeb3e88d-0a279580568449-3b654406-1fa400-16b73afeb3f8c2; sensorsdata2015jssdkcross=%7B%22distinct_id%22%3A%225780a21060db2a4dd7c403240ab3f67f-0d1ea4d411214533aff6a621462d4da4%22%2C%22%24device_id%22%3A%2216b73d12e301b6-0d01843deed5ad-3b654406-2073600-16b73d12e31764%22%2C%22props%22%3A%7B%7D%7D; footerBannerConfirmed=true; CNZZDATA1267378074=344099748-1561014038-%7C1561360540; XSRF-TOKEN=eyJpdiI6InYraFVEMnBiYXlwSjRacSt6cCtFREE9PSIsInZhbHVlIjoid2lRXC9EUElyd2lQc1lsMlJhaFNRVWpuRFwvWGxvWGVUdDZ4WEFcL0dIUWlHOEdueGNpUnFlK1ZPUStqODZqaEVcL0hWb2FheE5CZ3JZUUFhYkt6d2YwcnN3PT0iLCJtYWMiOiI5YTA1NDhjOGQ3YzBjMGQ0NzU0YjIzOTYzZjc0ZmVkMWFkYTYwYzc1YzVjMTI4Yzk3Yzg1YzYxYzUzNTBmMWE4In0%3D; btcotc_session=eyJpdiI6IkhsNlNxQlwvWjdvT3FFaTIzdmRPSTF3PT0iLCJ2YWx1ZSI6Imh1M0hjaUpcL3JTS3c5bit1MktJclVYWFNMa21UazhRMW1JXC83aks1K0x4c1NhK0M1VG95SE1rTDJDSXRBdFhueFRZdkpTTU9nZlR3eHNQRVBLdHVieGc9PSIsIm1hYyI6IjVkY2Q4ZTZiNzQxOTgwMDM4YjFmZGJkN2RhYzQ2YjcwMjZmMmQ0OWRjNzNjMDQyNzU4OWEwODlkYTk5MDU0NmQifQ%3D%3D',
)
[ info ] [ PARAM ] array (
)
[ info ] [ RUN ] app\admin\controller\Index->test[ D:\laragon\www\sticky\application\admin\controller\Index.php ]
[ info ] [ LOG ] INIT File

---------------------------------------------------------------
[ 2019-06-24T17:34:46+08:00 ] ::1 ::1 GET /admin/index/test
[ log ] localhost/admin/index/test [运行时间：0.018997s][吞吐率：52.64req/s] [内存消耗：1,134.35kb] [文件加载：34]
[ info ] [ LANG ] D:\laragon\www\sticky\thinkphp\lang\zh-cn.php
[ info ] [ ROUTE ] array (
  'type' => 'module',
  'module' => 
  array (
    0 => 'admin',
    1 => 'index',
    2 => 'test',
  ),
)
[ info ] [ HEADER ] array (
  'host' => 'localhost',
  'connection' => 'keep-alive',
  'cache-control' => 'max-age=0',
  'upgrade-insecure-requests' => '1',
  'user-agent' => 'Mozilla/5.0 (Windows NT 10.0; WOW64) AppleWebKit/537.36 (KHTML, like Gecko) Chrome/74.0.3729.131 Safari/537.36',
  'accept' => 'text/html,application/xhtml+xml,application/xml;q=0.9,image/webp,image/apng,*/*;q=0.8,application/signed-exchange;v=b3',
  'accept-encoding' => 'gzip, deflate, br',
  'accept-language' => 'zh-CN,zh;q=0.9',
  'cookie' => 'pgv_pvi=6027399168; Hm_lvt_080836300300be57b7f34f4b3e97d911=1560241731,1560388474; UM_distinctid=16b73afeb3e88d-0a279580568449-3b654406-1fa400-16b73afeb3f8c2; sensorsdata2015jssdkcross=%7B%22distinct_id%22%3A%225780a21060db2a4dd7c403240ab3f67f-0d1ea4d411214533aff6a621462d4da4%22%2C%22%24device_id%22%3A%2216b73d12e301b6-0d01843deed5ad-3b654406-2073600-16b73d12e31764%22%2C%22props%22%3A%7B%7D%7D; footerBannerConfirmed=true; CNZZDATA1267378074=344099748-1561014038-%7C1561360540; XSRF-TOKEN=eyJpdiI6InYraFVEMnBiYXlwSjRacSt6cCtFREE9PSIsInZhbHVlIjoid2lRXC9EUElyd2lQc1lsMlJhaFNRVWpuRFwvWGxvWGVUdDZ4WEFcL0dIUWlHOEdueGNpUnFlK1ZPUStqODZqaEVcL0hWb2FheE5CZ3JZUUFhYkt6d2YwcnN3PT0iLCJtYWMiOiI5YTA1NDhjOGQ3YzBjMGQ0NzU0YjIzOTYzZjc0ZmVkMWFkYTYwYzc1YzVjMTI4Yzk3Yzg1YzYxYzUzNTBmMWE4In0%3D; btcotc_session=eyJpdiI6IkhsNlNxQlwvWjdvT3FFaTIzdmRPSTF3PT0iLCJ2YWx1ZSI6Imh1M0hjaUpcL3JTS3c5bit1MktJclVYWFNMa21UazhRMW1JXC83aks1K0x4c1NhK0M1VG95SE1rTDJDSXRBdFhueFRZdkpTTU9nZlR3eHNQRVBLdHVieGc9PSIsIm1hYyI6IjVkY2Q4ZTZiNzQxOTgwMDM4YjFmZGJkN2RhYzQ2YjcwMjZmMmQ0OWRjNzNjMDQyNzU4OWEwODlkYTk5MDU0NmQifQ%3D%3D',
)
[ info ] [ PARAM ] array (
)
[ info ] [ RUN ] app\admin\controller\Index->test[ D:\laragon\www\sticky\application\admin\controller\Index.php ]
[ info ] [ LOG ] INIT File

---------------------------------------------------------------
[ 2019-06-24T17:37:38+08:00 ] ::1 ::1 GET /admin/index/test
[ log ] localhost/admin/index/test [运行时间：0.015394s][吞吐率：64.96req/s] [内存消耗：1,133.79kb] [文件加载：34]
[ info ] [ LANG ] D:\laragon\www\sticky\thinkphp\lang\zh-cn.php
[ info ] [ ROUTE ] array (
  'type' => 'module',
  'module' => 
  array (
    0 => 'admin',
    1 => 'index',
    2 => 'test',
  ),
)
[ info ] [ HEADER ] array (
  'host' => 'localhost',
  'connection' => 'keep-alive',
  'upgrade-insecure-requests' => '1',
  'user-agent' => 'Mozilla/5.0 (Windows NT 10.0; WOW64) AppleWebKit/537.36 (KHTML, like Gecko) Chrome/74.0.3729.131 Safari/537.36',
  'accept' => 'text/html,application/xhtml+xml,application/xml;q=0.9,image/webp,image/apng,*/*;q=0.8,application/signed-exchange;v=b3',
  'accept-encoding' => 'gzip, deflate, br',
  'accept-language' => 'zh-CN,zh;q=0.9',
  'cookie' => 'pgv_pvi=6027399168; Hm_lvt_080836300300be57b7f34f4b3e97d911=1560241731,1560388474; UM_distinctid=16b73afeb3e88d-0a279580568449-3b654406-1fa400-16b73afeb3f8c2; sensorsdata2015jssdkcross=%7B%22distinct_id%22%3A%225780a21060db2a4dd7c403240ab3f67f-0d1ea4d411214533aff6a621462d4da4%22%2C%22%24device_id%22%3A%2216b73d12e301b6-0d01843deed5ad-3b654406-2073600-16b73d12e31764%22%2C%22props%22%3A%7B%7D%7D; footerBannerConfirmed=true; CNZZDATA1267378074=344099748-1561014038-%7C1561360540; XSRF-TOKEN=eyJpdiI6InYraFVEMnBiYXlwSjRacSt6cCtFREE9PSIsInZhbHVlIjoid2lRXC9EUElyd2lQc1lsMlJhaFNRVWpuRFwvWGxvWGVUdDZ4WEFcL0dIUWlHOEdueGNpUnFlK1ZPUStqODZqaEVcL0hWb2FheE5CZ3JZUUFhYkt6d2YwcnN3PT0iLCJtYWMiOiI5YTA1NDhjOGQ3YzBjMGQ0NzU0YjIzOTYzZjc0ZmVkMWFkYTYwYzc1YzVjMTI4Yzk3Yzg1YzYxYzUzNTBmMWE4In0%3D; btcotc_session=eyJpdiI6IkhsNlNxQlwvWjdvT3FFaTIzdmRPSTF3PT0iLCJ2YWx1ZSI6Imh1M0hjaUpcL3JTS3c5bit1MktJclVYWFNMa21UazhRMW1JXC83aks1K0x4c1NhK0M1VG95SE1rTDJDSXRBdFhueFRZdkpTTU9nZlR3eHNQRVBLdHVieGc9PSIsIm1hYyI6IjVkY2Q4ZTZiNzQxOTgwMDM4YjFmZGJkN2RhYzQ2YjcwMjZmMmQ0OWRjNzNjMDQyNzU4OWEwODlkYTk5MDU0NmQifQ%3D%3D',
)
[ info ] [ PARAM ] array (
)
[ info ] [ RUN ] app\admin\controller\Index->test[ D:\laragon\www\sticky\application\admin\controller\Index.php ]
[ info ] [ LOG ] INIT File

---------------------------------------------------------------
[ 2019-06-24T17:40:45+08:00 ] ::1 ::1 GET /admin/index/test
[ log ] localhost/admin/index/test [运行时间：0.016699s][吞吐率：59.88req/s] [内存消耗：1,135.30kb] [文件加载：34]
[ info ] [ LANG ] D:\laragon\www\sticky\thinkphp\lang\zh-cn.php
[ info ] [ ROUTE ] array (
  'type' => 'module',
  'module' => 
  array (
    0 => 'admin',
    1 => 'index',
    2 => 'test',
  ),
)
[ info ] [ HEADER ] array (
  'host' => 'localhost',
  'connection' => 'keep-alive',
  'cache-control' => 'max-age=0',
  'upgrade-insecure-requests' => '1',
  'user-agent' => 'Mozilla/5.0 (Windows NT 10.0; WOW64) AppleWebKit/537.36 (KHTML, like Gecko) Chrome/74.0.3729.131 Safari/537.36',
  'accept' => 'text/html,application/xhtml+xml,application/xml;q=0.9,image/webp,image/apng,*/*;q=0.8,application/signed-exchange;v=b3',
  'accept-encoding' => 'gzip, deflate, br',
  'accept-language' => 'zh-CN,zh;q=0.9',
  'cookie' => 'pgv_pvi=6027399168; Hm_lvt_080836300300be57b7f34f4b3e97d911=1560241731,1560388474; UM_distinctid=16b73afeb3e88d-0a279580568449-3b654406-1fa400-16b73afeb3f8c2; sensorsdata2015jssdkcross=%7B%22distinct_id%22%3A%225780a21060db2a4dd7c403240ab3f67f-0d1ea4d411214533aff6a621462d4da4%22%2C%22%24device_id%22%3A%2216b73d12e301b6-0d01843deed5ad-3b654406-2073600-16b73d12e31764%22%2C%22props%22%3A%7B%7D%7D; footerBannerConfirmed=true; CNZZDATA1267378074=344099748-1561014038-%7C1561360540; XSRF-TOKEN=eyJpdiI6InYraFVEMnBiYXlwSjRacSt6cCtFREE9PSIsInZhbHVlIjoid2lRXC9EUElyd2lQc1lsMlJhaFNRVWpuRFwvWGxvWGVUdDZ4WEFcL0dIUWlHOEdueGNpUnFlK1ZPUStqODZqaEVcL0hWb2FheE5CZ3JZUUFhYkt6d2YwcnN3PT0iLCJtYWMiOiI5YTA1NDhjOGQ3YzBjMGQ0NzU0YjIzOTYzZjc0ZmVkMWFkYTYwYzc1YzVjMTI4Yzk3Yzg1YzYxYzUzNTBmMWE4In0%3D; btcotc_session=eyJpdiI6IkhsNlNxQlwvWjdvT3FFaTIzdmRPSTF3PT0iLCJ2YWx1ZSI6Imh1M0hjaUpcL3JTS3c5bit1MktJclVYWFNMa21UazhRMW1JXC83aks1K0x4c1NhK0M1VG95SE1rTDJDSXRBdFhueFRZdkpTTU9nZlR3eHNQRVBLdHVieGc9PSIsIm1hYyI6IjVkY2Q4ZTZiNzQxOTgwMDM4YjFmZGJkN2RhYzQ2YjcwMjZmMmQ0OWRjNzNjMDQyNzU4OWEwODlkYTk5MDU0NmQifQ%3D%3D',
)
[ info ] [ PARAM ] array (
)
[ info ] [ RUN ] app\admin\controller\Index->test[ D:\laragon\www\sticky\application\admin\controller\Index.php ]
[ info ] [ LOG ] INIT File

---------------------------------------------------------------
[ 2019-06-24T17:41:01+08:00 ] ::1 ::1 GET /admin/index/test
[ log ] localhost/admin/index/test [运行时间：0.020073s][吞吐率：49.82req/s] [内存消耗：1,135.30kb] [文件加载：34]
[ info ] [ LANG ] D:\laragon\www\sticky\thinkphp\lang\zh-cn.php
[ info ] [ ROUTE ] array (
  'type' => 'module',
  'module' => 
  array (
    0 => 'admin',
    1 => 'index',
    2 => 'test',
  ),
)
[ info ] [ HEADER ] array (
  'host' => 'localhost',
  'connection' => 'keep-alive',
  'cache-control' => 'max-age=0',
  'upgrade-insecure-requests' => '1',
  'user-agent' => 'Mozilla/5.0 (Windows NT 10.0; WOW64) AppleWebKit/537.36 (KHTML, like Gecko) Chrome/74.0.3729.131 Safari/537.36',
  'accept' => 'text/html,application/xhtml+xml,application/xml;q=0.9,image/webp,image/apng,*/*;q=0.8,application/signed-exchange;v=b3',
  'accept-encoding' => 'gzip, deflate, br',
  'accept-language' => 'zh-CN,zh;q=0.9',
  'cookie' => 'pgv_pvi=6027399168; Hm_lvt_080836300300be57b7f34f4b3e97d911=1560241731,1560388474; UM_distinctid=16b73afeb3e88d-0a279580568449-3b654406-1fa400-16b73afeb3f8c2; sensorsdata2015jssdkcross=%7B%22distinct_id%22%3A%225780a21060db2a4dd7c403240ab3f67f-0d1ea4d411214533aff6a621462d4da4%22%2C%22%24device_id%22%3A%2216b73d12e301b6-0d01843deed5ad-3b654406-2073600-16b73d12e31764%22%2C%22props%22%3A%7B%7D%7D; footerBannerConfirmed=true; CNZZDATA1267378074=344099748-1561014038-%7C1561360540; XSRF-TOKEN=eyJpdiI6InYraFVEMnBiYXlwSjRacSt6cCtFREE9PSIsInZhbHVlIjoid2lRXC9EUElyd2lQc1lsMlJhaFNRVWpuRFwvWGxvWGVUdDZ4WEFcL0dIUWlHOEdueGNpUnFlK1ZPUStqODZqaEVcL0hWb2FheE5CZ3JZUUFhYkt6d2YwcnN3PT0iLCJtYWMiOiI5YTA1NDhjOGQ3YzBjMGQ0NzU0YjIzOTYzZjc0ZmVkMWFkYTYwYzc1YzVjMTI4Yzk3Yzg1YzYxYzUzNTBmMWE4In0%3D; btcotc_session=eyJpdiI6IkhsNlNxQlwvWjdvT3FFaTIzdmRPSTF3PT0iLCJ2YWx1ZSI6Imh1M0hjaUpcL3JTS3c5bit1MktJclVYWFNMa21UazhRMW1JXC83aks1K0x4c1NhK0M1VG95SE1rTDJDSXRBdFhueFRZdkpTTU9nZlR3eHNQRVBLdHVieGc9PSIsIm1hYyI6IjVkY2Q4ZTZiNzQxOTgwMDM4YjFmZGJkN2RhYzQ2YjcwMjZmMmQ0OWRjNzNjMDQyNzU4OWEwODlkYTk5MDU0NmQifQ%3D%3D',
)
[ info ] [ PARAM ] array (
)
[ info ] [ RUN ] app\admin\controller\Index->test[ D:\laragon\www\sticky\application\admin\controller\Index.php ]
[ info ] [ LOG ] INIT File

---------------------------------------------------------------
[ 2019-06-24T17:41:05+08:00 ] ::1 ::1 GET /admin/index/test
[ log ] localhost/admin/index/test [运行时间：0.013229s][吞吐率：75.59req/s] [内存消耗：1,135.30kb] [文件加载：34]
[ info ] [ LANG ] D:\laragon\www\sticky\thinkphp\lang\zh-cn.php
[ info ] [ ROUTE ] array (
  'type' => 'module',
  'module' => 
  array (
    0 => 'admin',
    1 => 'index',
    2 => 'test',
  ),
)
[ info ] [ HEADER ] array (
  'host' => 'localhost',
  'connection' => 'keep-alive',
  'cache-control' => 'max-age=0',
  'upgrade-insecure-requests' => '1',
  'user-agent' => 'Mozilla/5.0 (Windows NT 10.0; WOW64) AppleWebKit/537.36 (KHTML, like Gecko) Chrome/74.0.3729.131 Safari/537.36',
  'accept' => 'text/html,application/xhtml+xml,application/xml;q=0.9,image/webp,image/apng,*/*;q=0.8,application/signed-exchange;v=b3',
  'accept-encoding' => 'gzip, deflate, br',
  'accept-language' => 'zh-CN,zh;q=0.9',
  'cookie' => 'pgv_pvi=6027399168; Hm_lvt_080836300300be57b7f34f4b3e97d911=1560241731,1560388474; UM_distinctid=16b73afeb3e88d-0a279580568449-3b654406-1fa400-16b73afeb3f8c2; sensorsdata2015jssdkcross=%7B%22distinct_id%22%3A%225780a21060db2a4dd7c403240ab3f67f-0d1ea4d411214533aff6a621462d4da4%22%2C%22%24device_id%22%3A%2216b73d12e301b6-0d01843deed5ad-3b654406-2073600-16b73d12e31764%22%2C%22props%22%3A%7B%7D%7D; footerBannerConfirmed=true; CNZZDATA1267378074=344099748-1561014038-%7C1561360540; XSRF-TOKEN=eyJpdiI6InYraFVEMnBiYXlwSjRacSt6cCtFREE9PSIsInZhbHVlIjoid2lRXC9EUElyd2lQc1lsMlJhaFNRVWpuRFwvWGxvWGVUdDZ4WEFcL0dIUWlHOEdueGNpUnFlK1ZPUStqODZqaEVcL0hWb2FheE5CZ3JZUUFhYkt6d2YwcnN3PT0iLCJtYWMiOiI5YTA1NDhjOGQ3YzBjMGQ0NzU0YjIzOTYzZjc0ZmVkMWFkYTYwYzc1YzVjMTI4Yzk3Yzg1YzYxYzUzNTBmMWE4In0%3D; btcotc_session=eyJpdiI6IkhsNlNxQlwvWjdvT3FFaTIzdmRPSTF3PT0iLCJ2YWx1ZSI6Imh1M0hjaUpcL3JTS3c5bit1MktJclVYWFNMa21UazhRMW1JXC83aks1K0x4c1NhK0M1VG95SE1rTDJDSXRBdFhueFRZdkpTTU9nZlR3eHNQRVBLdHVieGc9PSIsIm1hYyI6IjVkY2Q4ZTZiNzQxOTgwMDM4YjFmZGJkN2RhYzQ2YjcwMjZmMmQ0OWRjNzNjMDQyNzU4OWEwODlkYTk5MDU0NmQifQ%3D%3D',
)
[ info ] [ PARAM ] array (
)
[ info ] [ RUN ] app\admin\controller\Index->test[ D:\laragon\www\sticky\application\admin\controller\Index.php ]
[ info ] [ LOG ] INIT File

---------------------------------------------------------------
[ 2019-06-24T17:42:25+08:00 ] ::1 ::1 GET /admin/index/test
[ log ] localhost/admin/index/test [运行时间：0.057041s][吞吐率：17.53req/s] [内存消耗：1,133.83kb] [文件加载：34]
[ info ] [ LANG ] D:\laragon\www\sticky\thinkphp\lang\zh-cn.php
[ info ] [ ROUTE ] array (
  'type' => 'module',
  'module' => 
  array (
    0 => 'admin',
    1 => 'index',
    2 => 'test',
  ),
)
[ info ] [ HEADER ] array (
  'host' => 'localhost',
  'connection' => 'keep-alive',
  'cache-control' => 'max-age=0',
  'upgrade-insecure-requests' => '1',
  'user-agent' => 'Mozilla/5.0 (Windows NT 10.0; WOW64) AppleWebKit/537.36 (KHTML, like Gecko) Chrome/74.0.3729.131 Safari/537.36',
  'accept' => 'text/html,application/xhtml+xml,application/xml;q=0.9,image/webp,image/apng,*/*;q=0.8,application/signed-exchange;v=b3',
  'accept-encoding' => 'gzip, deflate, br',
  'accept-language' => 'zh-CN,zh;q=0.9',
  'cookie' => 'pgv_pvi=6027399168; Hm_lvt_080836300300be57b7f34f4b3e97d911=1560241731,1560388474; UM_distinctid=16b73afeb3e88d-0a279580568449-3b654406-1fa400-16b73afeb3f8c2; sensorsdata2015jssdkcross=%7B%22distinct_id%22%3A%225780a21060db2a4dd7c403240ab3f67f-0d1ea4d411214533aff6a621462d4da4%22%2C%22%24device_id%22%3A%2216b73d12e301b6-0d01843deed5ad-3b654406-2073600-16b73d12e31764%22%2C%22props%22%3A%7B%7D%7D; footerBannerConfirmed=true; CNZZDATA1267378074=344099748-1561014038-%7C1561360540; XSRF-TOKEN=eyJpdiI6InYraFVEMnBiYXlwSjRacSt6cCtFREE9PSIsInZhbHVlIjoid2lRXC9EUElyd2lQc1lsMlJhaFNRVWpuRFwvWGxvWGVUdDZ4WEFcL0dIUWlHOEdueGNpUnFlK1ZPUStqODZqaEVcL0hWb2FheE5CZ3JZUUFhYkt6d2YwcnN3PT0iLCJtYWMiOiI5YTA1NDhjOGQ3YzBjMGQ0NzU0YjIzOTYzZjc0ZmVkMWFkYTYwYzc1YzVjMTI4Yzk3Yzg1YzYxYzUzNTBmMWE4In0%3D; btcotc_session=eyJpdiI6IkhsNlNxQlwvWjdvT3FFaTIzdmRPSTF3PT0iLCJ2YWx1ZSI6Imh1M0hjaUpcL3JTS3c5bit1MktJclVYWFNMa21UazhRMW1JXC83aks1K0x4c1NhK0M1VG95SE1rTDJDSXRBdFhueFRZdkpTTU9nZlR3eHNQRVBLdHVieGc9PSIsIm1hYyI6IjVkY2Q4ZTZiNzQxOTgwMDM4YjFmZGJkN2RhYzQ2YjcwMjZmMmQ0OWRjNzNjMDQyNzU4OWEwODlkYTk5MDU0NmQifQ%3D%3D',
)
[ info ] [ PARAM ] array (
)
[ info ] [ RUN ] app\admin\controller\Index->test[ D:\laragon\www\sticky\application\admin\controller\Index.php ]
[ info ] [ LOG ] INIT File

---------------------------------------------------------------
[ 2019-06-24T17:42:49+08:00 ] ::1 ::1 GET /admin/index/test
[ log ] localhost/admin/index/test [运行时间：0.057254s][吞吐率：17.47req/s] [内存消耗：1,135.15kb] [文件加载：34]
[ info ] [ LANG ] D:\laragon\www\sticky\thinkphp\lang\zh-cn.php
[ info ] [ ROUTE ] array (
  'type' => 'module',
  'module' => 
  array (
    0 => 'admin',
    1 => 'index',
    2 => 'test',
  ),
)
[ info ] [ HEADER ] array (
  'host' => 'localhost',
  'connection' => 'keep-alive',
  'cache-control' => 'max-age=0',
  'upgrade-insecure-requests' => '1',
  'user-agent' => 'Mozilla/5.0 (Windows NT 10.0; WOW64) AppleWebKit/537.36 (KHTML, like Gecko) Chrome/74.0.3729.131 Safari/537.36',
  'accept' => 'text/html,application/xhtml+xml,application/xml;q=0.9,image/webp,image/apng,*/*;q=0.8,application/signed-exchange;v=b3',
  'accept-encoding' => 'gzip, deflate, br',
  'accept-language' => 'zh-CN,zh;q=0.9',
  'cookie' => 'pgv_pvi=6027399168; Hm_lvt_080836300300be57b7f34f4b3e97d911=1560241731,1560388474; UM_distinctid=16b73afeb3e88d-0a279580568449-3b654406-1fa400-16b73afeb3f8c2; sensorsdata2015jssdkcross=%7B%22distinct_id%22%3A%225780a21060db2a4dd7c403240ab3f67f-0d1ea4d411214533aff6a621462d4da4%22%2C%22%24device_id%22%3A%2216b73d12e301b6-0d01843deed5ad-3b654406-2073600-16b73d12e31764%22%2C%22props%22%3A%7B%7D%7D; footerBannerConfirmed=true; CNZZDATA1267378074=344099748-1561014038-%7C1561360540; XSRF-TOKEN=eyJpdiI6InYraFVEMnBiYXlwSjRacSt6cCtFREE9PSIsInZhbHVlIjoid2lRXC9EUElyd2lQc1lsMlJhaFNRVWpuRFwvWGxvWGVUdDZ4WEFcL0dIUWlHOEdueGNpUnFlK1ZPUStqODZqaEVcL0hWb2FheE5CZ3JZUUFhYkt6d2YwcnN3PT0iLCJtYWMiOiI5YTA1NDhjOGQ3YzBjMGQ0NzU0YjIzOTYzZjc0ZmVkMWFkYTYwYzc1YzVjMTI4Yzk3Yzg1YzYxYzUzNTBmMWE4In0%3D; btcotc_session=eyJpdiI6IkhsNlNxQlwvWjdvT3FFaTIzdmRPSTF3PT0iLCJ2YWx1ZSI6Imh1M0hjaUpcL3JTS3c5bit1MktJclVYWFNMa21UazhRMW1JXC83aks1K0x4c1NhK0M1VG95SE1rTDJDSXRBdFhueFRZdkpTTU9nZlR3eHNQRVBLdHVieGc9PSIsIm1hYyI6IjVkY2Q4ZTZiNzQxOTgwMDM4YjFmZGJkN2RhYzQ2YjcwMjZmMmQ0OWRjNzNjMDQyNzU4OWEwODlkYTk5MDU0NmQifQ%3D%3D',
)
[ info ] [ PARAM ] array (
)
[ info ] [ RUN ] app\admin\controller\Index->test[ D:\laragon\www\sticky\application\admin\controller\Index.php ]
[ info ] [ LOG ] INIT File

---------------------------------------------------------------
[ 2019-06-24T17:42:50+08:00 ] ::1 ::1 GET /admin/index/test
[ log ] localhost/admin/index/test [运行时间：0.017653s][吞吐率：56.65req/s] [内存消耗：1,135.15kb] [文件加载：34]
[ info ] [ LANG ] D:\laragon\www\sticky\thinkphp\lang\zh-cn.php
[ info ] [ ROUTE ] array (
  'type' => 'module',
  'module' => 
  array (
    0 => 'admin',
    1 => 'index',
    2 => 'test',
  ),
)
[ info ] [ HEADER ] array (
  'host' => 'localhost',
  'connection' => 'keep-alive',
  'cache-control' => 'max-age=0',
  'upgrade-insecure-requests' => '1',
  'user-agent' => 'Mozilla/5.0 (Windows NT 10.0; WOW64) AppleWebKit/537.36 (KHTML, like Gecko) Chrome/74.0.3729.131 Safari/537.36',
  'accept' => 'text/html,application/xhtml+xml,application/xml;q=0.9,image/webp,image/apng,*/*;q=0.8,application/signed-exchange;v=b3',
  'accept-encoding' => 'gzip, deflate, br',
  'accept-language' => 'zh-CN,zh;q=0.9',
  'cookie' => 'pgv_pvi=6027399168; Hm_lvt_080836300300be57b7f34f4b3e97d911=1560241731,1560388474; UM_distinctid=16b73afeb3e88d-0a279580568449-3b654406-1fa400-16b73afeb3f8c2; sensorsdata2015jssdkcross=%7B%22distinct_id%22%3A%225780a21060db2a4dd7c403240ab3f67f-0d1ea4d411214533aff6a621462d4da4%22%2C%22%24device_id%22%3A%2216b73d12e301b6-0d01843deed5ad-3b654406-2073600-16b73d12e31764%22%2C%22props%22%3A%7B%7D%7D; footerBannerConfirmed=true; CNZZDATA1267378074=344099748-1561014038-%7C1561360540; XSRF-TOKEN=eyJpdiI6InYraFVEMnBiYXlwSjRacSt6cCtFREE9PSIsInZhbHVlIjoid2lRXC9EUElyd2lQc1lsMlJhaFNRVWpuRFwvWGxvWGVUdDZ4WEFcL0dIUWlHOEdueGNpUnFlK1ZPUStqODZqaEVcL0hWb2FheE5CZ3JZUUFhYkt6d2YwcnN3PT0iLCJtYWMiOiI5YTA1NDhjOGQ3YzBjMGQ0NzU0YjIzOTYzZjc0ZmVkMWFkYTYwYzc1YzVjMTI4Yzk3Yzg1YzYxYzUzNTBmMWE4In0%3D; btcotc_session=eyJpdiI6IkhsNlNxQlwvWjdvT3FFaTIzdmRPSTF3PT0iLCJ2YWx1ZSI6Imh1M0hjaUpcL3JTS3c5bit1MktJclVYWFNMa21UazhRMW1JXC83aks1K0x4c1NhK0M1VG95SE1rTDJDSXRBdFhueFRZdkpTTU9nZlR3eHNQRVBLdHVieGc9PSIsIm1hYyI6IjVkY2Q4ZTZiNzQxOTgwMDM4YjFmZGJkN2RhYzQ2YjcwMjZmMmQ0OWRjNzNjMDQyNzU4OWEwODlkYTk5MDU0NmQifQ%3D%3D',
)
[ info ] [ PARAM ] array (
)
[ info ] [ RUN ] app\admin\controller\Index->test[ D:\laragon\www\sticky\application\admin\controller\Index.php ]
[ info ] [ LOG ] INIT File

---------------------------------------------------------------
[ 2019-06-24T17:42:50+08:00 ] ::1 ::1 GET /admin/index/test
[ log ] localhost/admin/index/test [运行时间：0.013954s][吞吐率：71.66req/s] [内存消耗：1,135.15kb] [文件加载：34]
[ info ] [ LANG ] D:\laragon\www\sticky\thinkphp\lang\zh-cn.php
[ info ] [ ROUTE ] array (
  'type' => 'module',
  'module' => 
  array (
    0 => 'admin',
    1 => 'index',
    2 => 'test',
  ),
)
[ info ] [ HEADER ] array (
  'host' => 'localhost',
  'connection' => 'keep-alive',
  'cache-control' => 'max-age=0',
  'upgrade-insecure-requests' => '1',
  'user-agent' => 'Mozilla/5.0 (Windows NT 10.0; WOW64) AppleWebKit/537.36 (KHTML, like Gecko) Chrome/74.0.3729.131 Safari/537.36',
  'accept' => 'text/html,application/xhtml+xml,application/xml;q=0.9,image/webp,image/apng,*/*;q=0.8,application/signed-exchange;v=b3',
  'accept-encoding' => 'gzip, deflate, br',
  'accept-language' => 'zh-CN,zh;q=0.9',
  'cookie' => 'pgv_pvi=6027399168; Hm_lvt_080836300300be57b7f34f4b3e97d911=1560241731,1560388474; UM_distinctid=16b73afeb3e88d-0a279580568449-3b654406-1fa400-16b73afeb3f8c2; sensorsdata2015jssdkcross=%7B%22distinct_id%22%3A%225780a21060db2a4dd7c403240ab3f67f-0d1ea4d411214533aff6a621462d4da4%22%2C%22%24device_id%22%3A%2216b73d12e301b6-0d01843deed5ad-3b654406-2073600-16b73d12e31764%22%2C%22props%22%3A%7B%7D%7D; footerBannerConfirmed=true; CNZZDATA1267378074=344099748-1561014038-%7C1561360540; XSRF-TOKEN=eyJpdiI6InYraFVEMnBiYXlwSjRacSt6cCtFREE9PSIsInZhbHVlIjoid2lRXC9EUElyd2lQc1lsMlJhaFNRVWpuRFwvWGxvWGVUdDZ4WEFcL0dIUWlHOEdueGNpUnFlK1ZPUStqODZqaEVcL0hWb2FheE5CZ3JZUUFhYkt6d2YwcnN3PT0iLCJtYWMiOiI5YTA1NDhjOGQ3YzBjMGQ0NzU0YjIzOTYzZjc0ZmVkMWFkYTYwYzc1YzVjMTI4Yzk3Yzg1YzYxYzUzNTBmMWE4In0%3D; btcotc_session=eyJpdiI6IkhsNlNxQlwvWjdvT3FFaTIzdmRPSTF3PT0iLCJ2YWx1ZSI6Imh1M0hjaUpcL3JTS3c5bit1MktJclVYWFNMa21UazhRMW1JXC83aks1K0x4c1NhK0M1VG95SE1rTDJDSXRBdFhueFRZdkpTTU9nZlR3eHNQRVBLdHVieGc9PSIsIm1hYyI6IjVkY2Q4ZTZiNzQxOTgwMDM4YjFmZGJkN2RhYzQ2YjcwMjZmMmQ0OWRjNzNjMDQyNzU4OWEwODlkYTk5MDU0NmQifQ%3D%3D',
)
[ info ] [ PARAM ] array (
)
[ info ] [ RUN ] app\admin\controller\Index->test[ D:\laragon\www\sticky\application\admin\controller\Index.php ]
[ info ] [ LOG ] INIT File

---------------------------------------------------------------
[ 2019-06-24T17:42:50+08:00 ] ::1 ::1 GET /admin/index/test
[ log ] localhost/admin/index/test [运行时间：0.014221s][吞吐率：70.32req/s] [内存消耗：1,135.15kb] [文件加载：34]
[ info ] [ LANG ] D:\laragon\www\sticky\thinkphp\lang\zh-cn.php
[ info ] [ ROUTE ] array (
  'type' => 'module',
  'module' => 
  array (
    0 => 'admin',
    1 => 'index',
    2 => 'test',
  ),
)
[ info ] [ HEADER ] array (
  'host' => 'localhost',
  'connection' => 'keep-alive',
  'cache-control' => 'max-age=0',
  'upgrade-insecure-requests' => '1',
  'user-agent' => 'Mozilla/5.0 (Windows NT 10.0; WOW64) AppleWebKit/537.36 (KHTML, like Gecko) Chrome/74.0.3729.131 Safari/537.36',
  'accept' => 'text/html,application/xhtml+xml,application/xml;q=0.9,image/webp,image/apng,*/*;q=0.8,application/signed-exchange;v=b3',
  'accept-encoding' => 'gzip, deflate, br',
  'accept-language' => 'zh-CN,zh;q=0.9',
  'cookie' => 'pgv_pvi=6027399168; Hm_lvt_080836300300be57b7f34f4b3e97d911=1560241731,1560388474; UM_distinctid=16b73afeb3e88d-0a279580568449-3b654406-1fa400-16b73afeb3f8c2; sensorsdata2015jssdkcross=%7B%22distinct_id%22%3A%225780a21060db2a4dd7c403240ab3f67f-0d1ea4d411214533aff6a621462d4da4%22%2C%22%24device_id%22%3A%2216b73d12e301b6-0d01843deed5ad-3b654406-2073600-16b73d12e31764%22%2C%22props%22%3A%7B%7D%7D; footerBannerConfirmed=true; CNZZDATA1267378074=344099748-1561014038-%7C1561360540; XSRF-TOKEN=eyJpdiI6InYraFVEMnBiYXlwSjRacSt6cCtFREE9PSIsInZhbHVlIjoid2lRXC9EUElyd2lQc1lsMlJhaFNRVWpuRFwvWGxvWGVUdDZ4WEFcL0dIUWlHOEdueGNpUnFlK1ZPUStqODZqaEVcL0hWb2FheE5CZ3JZUUFhYkt6d2YwcnN3PT0iLCJtYWMiOiI5YTA1NDhjOGQ3YzBjMGQ0NzU0YjIzOTYzZjc0ZmVkMWFkYTYwYzc1YzVjMTI4Yzk3Yzg1YzYxYzUzNTBmMWE4In0%3D; btcotc_session=eyJpdiI6IkhsNlNxQlwvWjdvT3FFaTIzdmRPSTF3PT0iLCJ2YWx1ZSI6Imh1M0hjaUpcL3JTS3c5bit1MktJclVYWFNMa21UazhRMW1JXC83aks1K0x4c1NhK0M1VG95SE1rTDJDSXRBdFhueFRZdkpTTU9nZlR3eHNQRVBLdHVieGc9PSIsIm1hYyI6IjVkY2Q4ZTZiNzQxOTgwMDM4YjFmZGJkN2RhYzQ2YjcwMjZmMmQ0OWRjNzNjMDQyNzU4OWEwODlkYTk5MDU0NmQifQ%3D%3D',
)
[ info ] [ PARAM ] array (
)
[ info ] [ RUN ] app\admin\controller\Index->test[ D:\laragon\www\sticky\application\admin\controller\Index.php ]
[ info ] [ LOG ] INIT File

---------------------------------------------------------------
[ 2019-06-24T17:51:17+08:00 ] ::1 ::1 GET /admin/index/test
[ log ] localhost/admin/index/test [运行时间：0.307018s][吞吐率：3.26req/s] [内存消耗：1,135.15kb] [文件加载：34]
[ info ] [ LANG ] D:\laragon\www\sticky\thinkphp\lang\zh-cn.php
[ info ] [ ROUTE ] array (
  'type' => 'module',
  'module' => 
  array (
    0 => 'admin',
    1 => 'index',
    2 => 'test',
  ),
)
[ info ] [ HEADER ] array (
  'host' => 'localhost',
  'connection' => 'keep-alive',
  'cache-control' => 'max-age=0',
  'upgrade-insecure-requests' => '1',
  'user-agent' => 'Mozilla/5.0 (Windows NT 10.0; WOW64) AppleWebKit/537.36 (KHTML, like Gecko) Chrome/74.0.3729.131 Safari/537.36',
  'accept' => 'text/html,application/xhtml+xml,application/xml;q=0.9,image/webp,image/apng,*/*;q=0.8,application/signed-exchange;v=b3',
  'accept-encoding' => 'gzip, deflate, br',
  'accept-language' => 'zh-CN,zh;q=0.9',
  'cookie' => 'pgv_pvi=6027399168; Hm_lvt_080836300300be57b7f34f4b3e97d911=1560241731,1560388474; UM_distinctid=16b73afeb3e88d-0a279580568449-3b654406-1fa400-16b73afeb3f8c2; sensorsdata2015jssdkcross=%7B%22distinct_id%22%3A%225780a21060db2a4dd7c403240ab3f67f-0d1ea4d411214533aff6a621462d4da4%22%2C%22%24device_id%22%3A%2216b73d12e301b6-0d01843deed5ad-3b654406-2073600-16b73d12e31764%22%2C%22props%22%3A%7B%7D%7D; footerBannerConfirmed=true; CNZZDATA1267378074=344099748-1561014038-%7C1561360540; XSRF-TOKEN=eyJpdiI6InYraFVEMnBiYXlwSjRacSt6cCtFREE9PSIsInZhbHVlIjoid2lRXC9EUElyd2lQc1lsMlJhaFNRVWpuRFwvWGxvWGVUdDZ4WEFcL0dIUWlHOEdueGNpUnFlK1ZPUStqODZqaEVcL0hWb2FheE5CZ3JZUUFhYkt6d2YwcnN3PT0iLCJtYWMiOiI5YTA1NDhjOGQ3YzBjMGQ0NzU0YjIzOTYzZjc0ZmVkMWFkYTYwYzc1YzVjMTI4Yzk3Yzg1YzYxYzUzNTBmMWE4In0%3D; btcotc_session=eyJpdiI6IkhsNlNxQlwvWjdvT3FFaTIzdmRPSTF3PT0iLCJ2YWx1ZSI6Imh1M0hjaUpcL3JTS3c5bit1MktJclVYWFNMa21UazhRMW1JXC83aks1K0x4c1NhK0M1VG95SE1rTDJDSXRBdFhueFRZdkpTTU9nZlR3eHNQRVBLdHVieGc9PSIsIm1hYyI6IjVkY2Q4ZTZiNzQxOTgwMDM4YjFmZGJkN2RhYzQ2YjcwMjZmMmQ0OWRjNzNjMDQyNzU4OWEwODlkYTk5MDU0NmQifQ%3D%3D',
)
[ info ] [ PARAM ] array (
)
[ info ] [ RUN ] app\admin\controller\Index->test[ D:\laragon\www\sticky\application\admin\controller\Index.php ]
[ info ] [ LOG ] INIT File

---------------------------------------------------------------
[ 2019-06-24T17:51:17+08:00 ] ::1 ::1 GET /admin/index/test
[ log ] localhost/admin/index/test [运行时间：0.015893s][吞吐率：62.92req/s] [内存消耗：1,135.15kb] [文件加载：34]
[ info ] [ LANG ] D:\laragon\www\sticky\thinkphp\lang\zh-cn.php
[ info ] [ ROUTE ] array (
  'type' => 'module',
  'module' => 
  array (
    0 => 'admin',
    1 => 'index',
    2 => 'test',
  ),
)
[ info ] [ HEADER ] array (
  'host' => 'localhost',
  'connection' => 'keep-alive',
  'cache-control' => 'max-age=0',
  'upgrade-insecure-requests' => '1',
  'user-agent' => 'Mozilla/5.0 (Windows NT 10.0; WOW64) AppleWebKit/537.36 (KHTML, like Gecko) Chrome/74.0.3729.131 Safari/537.36',
  'accept' => 'text/html,application/xhtml+xml,application/xml;q=0.9,image/webp,image/apng,*/*;q=0.8,application/signed-exchange;v=b3',
  'accept-encoding' => 'gzip, deflate, br',
  'accept-language' => 'zh-CN,zh;q=0.9',
  'cookie' => 'pgv_pvi=6027399168; Hm_lvt_080836300300be57b7f34f4b3e97d911=1560241731,1560388474; UM_distinctid=16b73afeb3e88d-0a279580568449-3b654406-1fa400-16b73afeb3f8c2; sensorsdata2015jssdkcross=%7B%22distinct_id%22%3A%225780a21060db2a4dd7c403240ab3f67f-0d1ea4d411214533aff6a621462d4da4%22%2C%22%24device_id%22%3A%2216b73d12e301b6-0d01843deed5ad-3b654406-2073600-16b73d12e31764%22%2C%22props%22%3A%7B%7D%7D; footerBannerConfirmed=true; CNZZDATA1267378074=344099748-1561014038-%7C1561360540; XSRF-TOKEN=eyJpdiI6InYraFVEMnBiYXlwSjRacSt6cCtFREE9PSIsInZhbHVlIjoid2lRXC9EUElyd2lQc1lsMlJhaFNRVWpuRFwvWGxvWGVUdDZ4WEFcL0dIUWlHOEdueGNpUnFlK1ZPUStqODZqaEVcL0hWb2FheE5CZ3JZUUFhYkt6d2YwcnN3PT0iLCJtYWMiOiI5YTA1NDhjOGQ3YzBjMGQ0NzU0YjIzOTYzZjc0ZmVkMWFkYTYwYzc1YzVjMTI4Yzk3Yzg1YzYxYzUzNTBmMWE4In0%3D; btcotc_session=eyJpdiI6IkhsNlNxQlwvWjdvT3FFaTIzdmRPSTF3PT0iLCJ2YWx1ZSI6Imh1M0hjaUpcL3JTS3c5bit1MktJclVYWFNMa21UazhRMW1JXC83aks1K0x4c1NhK0M1VG95SE1rTDJDSXRBdFhueFRZdkpTTU9nZlR3eHNQRVBLdHVieGc9PSIsIm1hYyI6IjVkY2Q4ZTZiNzQxOTgwMDM4YjFmZGJkN2RhYzQ2YjcwMjZmMmQ0OWRjNzNjMDQyNzU4OWEwODlkYTk5MDU0NmQifQ%3D%3D',
)
[ info ] [ PARAM ] array (
)
[ info ] [ RUN ] app\admin\controller\Index->test[ D:\laragon\www\sticky\application\admin\controller\Index.php ]
[ info ] [ LOG ] INIT File

---------------------------------------------------------------
[ 2019-06-24T17:51:18+08:00 ] ::1 ::1 GET /admin/index/test
[ log ] localhost/admin/index/test [运行时间：0.014618s][吞吐率：68.41req/s] [内存消耗：1,135.15kb] [文件加载：34]
[ info ] [ LANG ] D:\laragon\www\sticky\thinkphp\lang\zh-cn.php
[ info ] [ ROUTE ] array (
  'type' => 'module',
  'module' => 
  array (
    0 => 'admin',
    1 => 'index',
    2 => 'test',
  ),
)
[ info ] [ HEADER ] array (
  'host' => 'localhost',
  'connection' => 'keep-alive',
  'cache-control' => 'max-age=0',
  'upgrade-insecure-requests' => '1',
  'user-agent' => 'Mozilla/5.0 (Windows NT 10.0; WOW64) AppleWebKit/537.36 (KHTML, like Gecko) Chrome/74.0.3729.131 Safari/537.36',
  'accept' => 'text/html,application/xhtml+xml,application/xml;q=0.9,image/webp,image/apng,*/*;q=0.8,application/signed-exchange;v=b3',
  'accept-encoding' => 'gzip, deflate, br',
  'accept-language' => 'zh-CN,zh;q=0.9',
  'cookie' => 'pgv_pvi=6027399168; Hm_lvt_080836300300be57b7f34f4b3e97d911=1560241731,1560388474; UM_distinctid=16b73afeb3e88d-0a279580568449-3b654406-1fa400-16b73afeb3f8c2; sensorsdata2015jssdkcross=%7B%22distinct_id%22%3A%225780a21060db2a4dd7c403240ab3f67f-0d1ea4d411214533aff6a621462d4da4%22%2C%22%24device_id%22%3A%2216b73d12e301b6-0d01843deed5ad-3b654406-2073600-16b73d12e31764%22%2C%22props%22%3A%7B%7D%7D; footerBannerConfirmed=true; CNZZDATA1267378074=344099748-1561014038-%7C1561360540; XSRF-TOKEN=eyJpdiI6InYraFVEMnBiYXlwSjRacSt6cCtFREE9PSIsInZhbHVlIjoid2lRXC9EUElyd2lQc1lsMlJhaFNRVWpuRFwvWGxvWGVUdDZ4WEFcL0dIUWlHOEdueGNpUnFlK1ZPUStqODZqaEVcL0hWb2FheE5CZ3JZUUFhYkt6d2YwcnN3PT0iLCJtYWMiOiI5YTA1NDhjOGQ3YzBjMGQ0NzU0YjIzOTYzZjc0ZmVkMWFkYTYwYzc1YzVjMTI4Yzk3Yzg1YzYxYzUzNTBmMWE4In0%3D; btcotc_session=eyJpdiI6IkhsNlNxQlwvWjdvT3FFaTIzdmRPSTF3PT0iLCJ2YWx1ZSI6Imh1M0hjaUpcL3JTS3c5bit1MktJclVYWFNMa21UazhRMW1JXC83aks1K0x4c1NhK0M1VG95SE1rTDJDSXRBdFhueFRZdkpTTU9nZlR3eHNQRVBLdHVieGc9PSIsIm1hYyI6IjVkY2Q4ZTZiNzQxOTgwMDM4YjFmZGJkN2RhYzQ2YjcwMjZmMmQ0OWRjNzNjMDQyNzU4OWEwODlkYTk5MDU0NmQifQ%3D%3D',
)
[ info ] [ PARAM ] array (
)
[ info ] [ RUN ] app\admin\controller\Index->test[ D:\laragon\www\sticky\application\admin\controller\Index.php ]
[ info ] [ LOG ] INIT File

---------------------------------------------------------------
[ 2019-06-24T17:59:20+08:00 ] 127.0.0.1 127.0.0.1 GET /admin.php?
[ log ] www.new_doyo.com/admin.php? [运行时间：0.039029s][吞吐率：25.62req/s] [内存消耗：982.27kb] [文件加载：29]
[ info ] [ LANG ] D:\laragon\www\sticky\thinkphp\lang\zh-cn.php
[ info ] [ ROUTE ] array (
  'type' => 'module',
  'module' => 
  array (
    0 => 'admin.php',
    1 => NULL,
    2 => NULL,
  ),
)
[ info ] [ HEADER ] array (
  'host' => 'www.new_doyo.com',
  'connection' => 'keep-alive',
  'upgrade-insecure-requests' => '1',
  'user-agent' => 'Mozilla/5.0 (Windows NT 10.0; Win64; x64) AppleWebKit/537.36 (KHTML, like Gecko) Chrome/73.0.3683.103 Safari/537.36 OPR/60.0.3255.170',
  'accept' => 'text/html,application/xhtml+xml,application/xml;q=0.9,image/webp,image/apng,*/*;q=0.8',
  'referer' => 'http://www.new_doyo.com/admin.php?c=login&a=go',
  'accept-encoding' => 'gzip, deflate',
  'accept-language' => 'zh-CN,zh;q=0.9,en-US;q=0.8,en;q=0.7',
  'cookie' => 'PHPSESSID=skf1ksnp31j5f2m0rbuiu4ums6',
)
[ info ] [ PARAM ] array (
)
[ info ] [ LOG ] INIT File

---------------------------------------------------------------
